<?xml version="1.0" encoding="UTF-8"?>
<testsuite xmlns:xsi="http://www.w3.org/2001/XMLSchema-instance" xsi:noNamespaceSchemaLocation="https://maven.apache.org/surefire/maven-surefire-plugin/xsd/surefire-test-report.xsd" name="restapiexample.EmployeeTest" time="6.405" tests="2" errors="0" skipped="0" failures="0">
  <properties>
[...]
</properties>
  <testcase name="getEmployeeByName{String, String}[1]" classname="restapiexample.EmployeeTest" time="6.312"/>
  <testcase name="getEmployeeAgeByName{String, int}[1]" classname="restapiexample.EmployeeTest" time="6.327"/>
</testsuite>